<?xml version="1.0" encoding="UTF-8"?>
<!-- Generated by org.testng.reporters.JUnitReportReporter -->
<testsuite skipped="0" hostname="LAPTOP-N0G0NBDP" name="com.qa.TestScripts.TestCase1" tests="1" failures="0" timestamp="20 May 2021 15:30:34 GMT" time="36.045" errors="0">
  <testcase name="testaddressbook" time="36.045" classname="com.qa.TestScripts.TestCase1"/>
</testsuite> <!-- com.qa.TestScripts.TestCase1 -->
